<?xml version="1.0" encoding="UTF-8"?>
<!-- Generated by org.testng.reporters.JUnitReportReporter -->
<testsuite hostname="LAPTOP-OHBLOT8G" failures="0" tests="1" name="MoneyGaming.MGProject.homePage" time="45.662" errors="0" timestamp="2021-10-16T14:06:02 EDT" skipped="0">
  <testcase classname="MoneyGaming.MGProject.homePage" name="a" time="45.662"/>
  <system-out/>
</testsuite> <!-- MoneyGaming.MGProject.homePage -->
